<?xml version="1.0" encoding="UTF-8"?>
<!-- Generated by org.testng.reporters.JUnitReportReporter -->
<testsuite skipped="0" hostname="shan-PC" name="Test.NewTest" tests="1" failures="0" timestamp="24 Oct 2017 14:35:46 GMT" time="127.466" errors="0">
  <testcase name="f" time="127.466" classname="Test.NewTest"/>
</testsuite> <!-- Test.NewTest -->
