<?xml version="1.0" encoding="UTF-8"?>
<!-- Generated by org.testng.reporters.JUnitReportReporter -->
<testsuite skipped="0" hostname="shan-PC" name="com.java.straitstimes.test.Main" tests="1" failures="0" timestamp="26 Oct 2017 17:12:17 GMT" time="119.941" errors="0">
  <testcase name="test1" time="119.941" classname="com.java.straitstimes.test.Main"/>
</testsuite> <!-- com.java.straitstimes.test.Main -->
